[0301/190446.539:ERROR:minidumpwritedump_with_crashpad_info.cc(435)] Failed to call MiniDumpWriteDump: Only part of a ReadProcessMemory or WriteProcessMemory request was completed. (0x8007012B)
[0301/190446.592:ERROR:minidumpwritedump_with_crashpad_info.cc(608)] Failed to write minidump file
[0301/190446.592:ERROR:crash_report_exception_handler.cc(122)] TryMiniDumpWriteDumpWithCrashpadInfo failed
[0301/190446.610:ERROR:process_memory_win.cc(73)] ReadMemory at 0x2a05af3d330 of 72 bytes failed: Only part of a ReadProcessMemory or WriteProcessMemory request was completed. (0x12B)
[0301/190446.610:WARNING:pe_image_annotations_reader.cc(134)] could not read annotations list object in C:\Program Files (x86)\Microsoft\Edge\Application\80.0.361.62\msedge_elf.dll
[0301/190446.613:ERROR:process_memory_win.cc(73)] ReadMemory at 0x2a05af647d0 of 72 bytes failed: Only part of a ReadProcessMemory or WriteProcessMemory request was completed. (0x12B)
[0301/190446.613:WARNING:pe_image_annotations_reader.cc(134)] could not read annotations list object in C:\Program Files (x86)\Microsoft\Edge\Application\80.0.361.62\msedge.dll
[0301/190446.900:ERROR:process_memory_win.cc(73)] ReadMemory at 0x7ff77f310000 of 64 bytes failed: Only part of a ReadProcessMemory or WriteProcessMemory request was completed. (0x12B)
[0301/190446.900:WARNING:pe_image_reader.cc(340)] could not read dos header from C:\Program Files (x86)\Microsoft\Edge\Application\msedge.exe
[0301/190446.924:ERROR:process_memory_win.cc(73)] ReadMemory at 0x7ff90f0a0000 of 64 bytes failed: Only part of a ReadProcessMemory or WriteProcessMemory request was completed. (0x12B)
[0301/190446.924:WARNING:pe_image_reader.cc(340)] could not read dos header from C:\Windows\SYSTEM32\ntdll.dll
[0301/190446.924:ERROR:process_memory_win.cc(73)] ReadMemory at 0x7ff90efa0000 of 64 bytes failed: Only part of a ReadProcessMemory or WriteProcessMemory request was completed. (0x12B)
[0301/190446.925:WARNING:pe_image_reader.cc(340)] could not read dos header from C:\Windows\System32\KERNEL32.DLL
[0301/190446.925:ERROR:process_memory_win.cc(73)] ReadMemory at 0x7ff90cea0000 of 64 bytes failed: Only part of a ReadProcessMemory or WriteProcessMemory request was completed. (0x12B)
[0301/190446.925:WARNING:pe_image_reader.cc(340)] could not read dos header from C:\Windows\System32\KERNELBASE.dll
[0301/190446.925:ERROR:process_memory_win.cc(73)] ReadMemory at 0x7ff8bfcd0000 of 64 bytes failed: Only part of a ReadProcessMemory or WriteProcessMemory request was completed. (0x12B)
[0301/190446.925:WARNING:pe_image_reader.cc(340)] could not read dos header from C:\Program Files (x86)\Microsoft\Edge\Application\80.0.361.62\msedge_elf.dll
[0301/190446.925:ERROR:process_memory_win.cc(73)] ReadMemory at 0x7ff9052b0000 of 64 bytes failed: Only part of a ReadProcessMemory or WriteProcessMemory request was completed. (0x12B)
[0301/190446.925:WARNING:pe_image_reader.cc(340)] could not read dos header from C:\Windows\SYSTEM32\VERSION.dll
[0301/190446.941:ERROR:process_memory_win.cc(73)] ReadMemory at 0x7ff90dfb0000 of 64 bytes failed: Only part of a ReadProcessMemory or WriteProcessMemory request was completed. (0x12B)
[0301/190446.941:WARNING:pe_image_reader.cc(340)] could not read dos header from C:\Windows\System32\msvcrt.dll
[0301/190446.941:ERROR:process_memory_win.cc(73)] ReadMemory at 0x7ff90c550000 of 64 bytes failed: Only part of a ReadProcessMemory or WriteProcessMemory request was completed. (0x12B)
[0301/190446.941:WARNING:pe_image_reader.cc(340)] could not read dos header from C:\Windows\System32\bcryptPrimitives.dll
[0301/190446.942:ERROR:process_memory_win.cc(73)] ReadMemory at 0x7ff90e6a0000 of 64 bytes failed: Only part of a ReadProcessMemory or WriteProcessMemory request was completed. (0x12B)
[0301/190446.942:WARNING:pe_image_reader.cc(340)] could not read dos header from C:\Windows\System32\ADVAPI32.dll
[0301/190446.942:ERROR:process_memory_win.cc(73)] ReadMemory at 0x7ff90e450000 of 64 bytes failed: Only part of a ReadProcessMemory or WriteProcessMemory request was completed. (0x12B)
[0301/190446.942:WARNING:pe_image_reader.cc(340)] could not read dos header from C:\Windows\System32\sechost.dll
[0301/190446.942:ERROR:process_memory_win.cc(73)] ReadMemory at 0x7ff90ec30000 of 64 bytes failed: Only part of a ReadProcessMemory or WriteProcessMemory request was completed. (0x12B)
[0301/190446.942:WARNING:pe_image_reader.cc(340)] could not read dos header from C:\Windows\System32\RPCRT4.dll
[0301/190446.942:ERROR:process_memory_win.cc(73)] ReadMemory at 0x7ff8b23a0000 of 64 bytes failed: Only part of a ReadProcessMemory or WriteProcessMemory request was completed. (0x12B)
[0301/190446.942:WARNING:pe_image_reader.cc(340)] could not read dos header from C:\Program Files (x86)\Microsoft\Edge\Application\80.0.361.62\msedge.dll
[0301/190446.942:ERROR:process_memory_win.cc(73)] ReadMemory at 0x7ff90ef30000 of 64 bytes failed: Only part of a ReadProcessMemory or WriteProcessMemory request was completed. (0x12B)
[0301/190446.942:WARNING:pe_image_reader.cc(340)] could not read dos header from C:\Windows\System32\WS2_32.dll
[0301/190446.942:ERROR:process_memory_win.cc(73)] ReadMemory at 0x7ff90e380000 of 64 bytes failed: Only part of a ReadProcessMemory or WriteProcessMemory request was completed. (0x12B)
[0301/190446.942:WARNING:pe_image_reader.cc(340)] could not read dos header from C:\Windows\System32\OLEAUT32.dll
[0301/190446.942:ERROR:process_memory_win.cc(73)] ReadMemory at 0x7ff90c150000 of 64 bytes failed: Only part of a ReadProcessMemory or WriteProcessMemory request was completed. (0x12B)
[0301/190446.942:WARNING:pe_image_reader.cc(340)] could not read dos header from C:\Windows\System32\msvcp_win.dll
[0301/190446.943:ERROR:process_memory_win.cc(73)] ReadMemory at 0x7ff90c050000 of 64 bytes failed: Only part of a ReadProcessMemory or WriteProcessMemory request was completed. (0x12B)
[0301/190446.943:WARNING:pe_image_reader.cc(340)] could not read dos header from C:\Windows\System32\ucrtbase.dll
[0301/190446.943:ERROR:process_memory_win.cc(73)] ReadMemory at 0x7ff90e8f0000 of 64 bytes failed: Only part of a ReadProcessMemory or WriteProcessMemory request was completed. (0x12B)
[0301/190446.943:WARNING:pe_image_reader.cc(340)] could not read dos header from C:\Windows\System32\combase.dll
[0301/190446.943:ERROR:process_memory_win.cc(73)] ReadMemory at 0x7ff90c4f0000 of 64 bytes failed: Only part of a ReadProcessMemory or WriteProcessMemory request was completed. (0x12B)
[0301/190446.943:WARNING:pe_image_reader.cc(340)] could not read dos header from C:\Windows\System32\WINTRUST.dll
[0301/190446.943:ERROR:process_memory_win.cc(73)] ReadMemory at 0x7ff90bfd0000 of 64 bytes failed: Only part of a ReadProcessMemory or WriteProcessMemory request was completed. (0x12B)
[0301/190446.943:WARNING:pe_image_reader.cc(340)] could not read dos header from C:\Windows\System32\MSASN1.dll
[0301/190446.943:ERROR:process_memory_win.cc(73)] ReadMemory at 0x7ff90c5d0000 of 64 bytes failed: Only part of a ReadProcessMemory or WriteProcessMemory request was completed. (0x12B)
[0301/190446.943:WARNING:pe_image_reader.cc(340)] could not read dos header from C:\Windows\System32\CRYPT32.dll
[0301/190446.943:ERROR:process_memory_win.cc(73)] ReadMemory at 0x7ff90b4f0000 of 64 bytes failed: Only part of a ReadProcessMemory or WriteProcessMemory request was completed. (0x12B)
[0301/190446.943:WARNING:pe_image_reader.cc(340)] could not read dos header from C:\Windows\SYSTEM32\IPHLPAPI.DLL
[0301/190446.943:ERROR:process_memory_win.cc(73)] ReadMemory at 0x7ff909750000 of 64 bytes failed: Only part of a ReadProcessMemory or WriteProcessMemory request was completed. (0x12B)
[0301/190446.943:WARNING:pe_image_reader.cc(340)] could not read dos header from C:\Windows\SYSTEM32\WINMM.dll
[0301/190446.943:ERROR:process_memory_win.cc(73)] ReadMemory at 0x7ff8f2fb0000 of 64 bytes failed: Only part of a ReadProcessMemory or WriteProcessMemory request was completed. (0x12B)
[0301/190446.943:WARNING:pe_image_reader.cc(340)] could not read dos header from C:\Windows\SYSTEM32\Secur32.dll
[0301/190446.943:ERROR:process_memory_win.cc(73)] ReadMemory at 0x7ff90be90000 of 64 bytes failed: Only part of a ReadProcessMemory or WriteProcessMemory request was completed. (0x12B)
[0301/190446.943:WARNING:pe_image_reader.cc(340)] could not read dos header from C:\Windows\SYSTEM32\USERENV.dll
[0301/190446.943:ERROR:process_memory_win.cc(73)] ReadMemory at 0x7ff90bff0000 of 64 bytes failed: Only part of a ReadProcessMemory or WriteProcessMemory request was completed. (0x12B)
[0301/190446.943:WARNING:pe_image_reader.cc(340)] could not read dos header from C:\Windows\System32\profapi.dll
[0301/190446.944:ERROR:process_memory_win.cc(73)] ReadMemory at 0x7ff8e2410000 of 64 bytes failed: Only part of a ReadProcessMemory or WriteProcessMemory request was completed. (0x12B)
[0301/190446.944:WARNING:pe_image_reader.cc(340)] could not read dos header from C:\Windows\SYSTEM32\UIAutomationCore.DLL
[0301/190446.944:ERROR:process_memory_win.cc(73)] ReadMemory at 0x7ff8fbba0000 of 64 bytes failed: Only part of a ReadProcessMemory or WriteProcessMemory request was completed. (0x12B)
[0301/190446.944:WARNING:pe_image_reader.cc(340)] could not read dos header from C:\Windows\SYSTEM32\WINHTTP.dll
[0301/190446.944:ERROR:process_memory_win.cc(73)] ReadMemory at 0x7ff8fc990000 of 64 bytes failed: Only part of a ReadProcessMemory or WriteProcessMemory request was completed. (0x12B)
[0301/190446.944:WARNING:pe_image_reader.cc(340)] could not read dos header from C:\Windows\SYSTEM32\DWrite.dll
[0301/190446.944:ERROR:process_memory_win.cc(73)] ReadMemory at 0x7ff8e96f0000 of 64 bytes failed: Only part of a ReadProcessMemory or WriteProcessMemory request was completed. (0x12B)
[0301/190446.944:WARNING:pe_image_reader.cc(340)] could not read dos header from C:\Windows\SYSTEM32\WINSPOOL.DRV
[0301/190446.944:ERROR:process_memory_win.cc(73)] ReadMemory at 0x7ff90c010000 of 64 bytes failed: Only part of a ReadProcessMemory or WriteProcessMemory request was completed. (0x12B)
[0301/190446.944:WARNING:pe_image_reader.cc(340)] could not read dos header from C:\Windows\System32\kernel.appcore.dll
[0301/190446.944:ERROR:process_memory_win.cc(73)] ReadMemory at 0x7ff90c1f0000 of 64 bytes failed: Only part of a ReadProcessMemory or WriteProcessMemory request was completed. (0x12B)
[0301/190446.944:WARNING:pe_image_reader.cc(340)] could not read dos header from C:\Windows\System32\bcrypt.dll
[0301/190446.944:ERROR:process_memory_win.cc(73)] ReadMemory at 0x7ff90a960000 of 64 bytes failed: Only part of a ReadProcessMemory or WriteProcessMemory request was completed. (0x12B)
[0301/190446.944:WARNING:pe_image_reader.cc(340)] could not read dos header from C:\Windows\SYSTEM32\dbghelp.dll
[0301/190446.944:ERROR:process_memory_win.cc(73)] ReadMemory at 0x7ff901810000 of 64 bytes failed: Only part of a ReadProcessMemory or WriteProcessMemory request was completed. (0x12B)
[0301/190446.944:WARNING:pe_image_reader.cc(340)] could not read dos header from C:\Windows\SYSTEM32\dhcpcsvc.DLL
[0301/190446.944:ERROR:process_memory_win.cc(73)] ReadMemory at 0x7ff90d200000 of 64 bytes failed: Only part of a ReadProcessMemory or WriteProcessMemory request was completed. (0x12B)
[0301/190446.944:WARNING:pe_image_reader.cc(340)] could not read dos header from C:\Windows\System32\NSI.dll
[0301/190446.944:ERROR:process_memory_win.cc(73)] ReadMemory at 0x7ff909720000 of 64 bytes failed: Only part of a ReadProcessMemory or WriteProcessMemory request was completed. (0x12B)
[0301/190446.944:WARNING:pe_image_reader.cc(340)] could not read dos header from C:\Windows\SYSTEM32\WINMMBASE.dll
[0301/190446.944:ERROR:process_memory_win.cc(73)] ReadMemory at 0x7ff90c300000 of 64 bytes failed: Only part of a ReadProcessMemory or WriteProcessMemory request was completed. (0x12B)
[0301/190446.945:WARNING:pe_image_reader.cc(340)] could not read dos header from C:\Windows\System32\cfgmgr32.dll
[0301/190446.945:ERROR:process_memory_win.cc(73)] ReadMemory at 0x7ff9085f0000 of 64 bytes failed: Only part of a ReadProcessMemory or WriteProcessMemory request was completed. (0x12B)
[0301/190446.945:WARNING:pe_image_reader.cc(340)] could not read dos header from C:\Windows\SYSTEM32\PROPSYS.dll
[0301/190446.945:ERROR:process_memory_win.cc(73)] ReadMemory at 0x7ff90ed80000 of 64 bytes failed: Only part of a ReadProcessMemory or WriteProcessMemory request was completed. (0x12B)
[0301/190446.945:WARNING:pe_image_reader.cc(340)] could not read dos header from C:\Windows\System32\shcore.dll
[0301/190446.945:ERROR:process_memory_win.cc(73)] ReadMemory at 0x7ff90be60000 of 64 bytes failed: Only part of a ReadProcessMemory or WriteProcessMemory request was completed. (0x12B)
[0301/190446.945:WARNING:pe_image_reader.cc(340)] could not read dos header from C:\Windows\SYSTEM32\SSPICLI.DLL
[0301/190446.945:ERROR:process_memory_win.cc(73)] ReadMemory at 0x7ff90b9b0000 of 64 bytes failed: Only part of a ReadProcessMemory or WriteProcessMemory request was completed. (0x12B)
[0301/190446.945:WARNING:pe_image_reader.cc(340)] could not read dos header from C:\Windows\SYSTEM32\CRYPTBASE.DLL
[0301/190446.945:ERROR:process_memory_win.cc(73)] ReadMemory at 0x7ff77f310000 of 64 bytes failed: Only part of a ReadProcessMemory or WriteProcessMemory request was completed. (0x12B)
[0301/190446.945:WARNING:pe_image_reader.cc(340)] could not read dos header from C:\Program Files (x86)\Microsoft\Edge\Application\msedge.exe
[0301/190446.945:ERROR:process_memory_win.cc(73)] ReadMemory at 0x7ff90f0a0000 of 64 bytes failed: Only part of a ReadProcessMemory or WriteProcessMemory request was completed. (0x12B)
[0301/190446.945:WARNING:pe_image_reader.cc(340)] could not read dos header from C:\Windows\SYSTEM32\ntdll.dll
[0301/190446.945:ERROR:process_memory_win.cc(73)] ReadMemory at 0x7ff90efa0000 of 64 bytes failed: Only part of a ReadProcessMemory or WriteProcessMemory request was completed. (0x12B)
[0301/190446.945:WARNING:pe_image_reader.cc(340)] could not read dos header from C:\Windows\System32\KERNEL32.DLL
[0301/190446.945:ERROR:process_memory_win.cc(73)] ReadMemory at 0x7ff90cea0000 of 64 bytes failed: Only part of a ReadProcessMemory or WriteProcessMemory request was completed. (0x12B)
[0301/190446.945:WARNING:pe_image_reader.cc(340)] could not read dos header from C:\Windows\System32\KERNELBASE.dll
[0301/190446.945:ERROR:process_memory_win.cc(73)] ReadMemory at 0x7ff8bfcd0000 of 64 bytes failed: Only part of a ReadProcessMemory or WriteProcessMemory request was completed. (0x12B)
[0301/190446.945:WARNING:pe_image_reader.cc(340)] could not read dos header from C:\Program Files (x86)\Microsoft\Edge\Application\80.0.361.62\msedge_elf.dll
[0301/190446.945:ERROR:process_memory_win.cc(73)] ReadMemory at 0x7ff9052b0000 of 64 bytes failed: Only part of a ReadProcessMemory or WriteProcessMemory request was completed. (0x12B)
[0301/190446.945:WARNING:pe_image_reader.cc(340)] could not read dos header from C:\Windows\SYSTEM32\VERSION.dll
[0301/190446.945:ERROR:process_memory_win.cc(73)] ReadMemory at 0x7ff90dfb0000 of 64 bytes failed: Only part of a ReadProcessMemory or WriteProcessMemory request was completed. (0x12B)
[0301/190446.946:WARNING:pe_image_reader.cc(340)] could not read dos header from C:\Windows\System32\msvcrt.dll
[0301/190446.946:ERROR:process_memory_win.cc(73)] ReadMemory at 0x7ff90c550000 of 64 bytes failed: Only part of a ReadProcessMemory or WriteProcessMemory request was completed. (0x12B)
[0301/190446.946:WARNING:pe_image_reader.cc(340)] could not read dos header from C:\Windows\System32\bcryptPrimitives.dll
[0301/190446.946:ERROR:process_memory_win.cc(73)] ReadMemory at 0x7ff90e6a0000 of 64 bytes failed: Only part of a ReadProcessMemory or WriteProcessMemory request was completed. (0x12B)
[0301/190446.946:WARNING:pe_image_reader.cc(340)] could not read dos header from C:\Windows\System32\ADVAPI32.dll
[0301/190446.946:ERROR:process_memory_win.cc(73)] ReadMemory at 0x7ff90e450000 of 64 bytes failed: Only part of a ReadProcessMemory or WriteProcessMemory request was completed. (0x12B)
[0301/190446.946:WARNING:pe_image_reader.cc(340)] could not read dos header from C:\Windows\System32\sechost.dll
[0301/190446.946:ERROR:process_memory_win.cc(73)] ReadMemory at 0x7ff90ec30000 of 64 bytes failed: Only part of a ReadProcessMemory or WriteProcessMemory request was completed. (0x12B)
[0301/190446.946:WARNING:pe_image_reader.cc(340)] could not read dos header from C:\Windows\System32\RPCRT4.dll
[0301/190446.946:ERROR:process_memory_win.cc(73)] ReadMemory at 0x7ff8b23a0000 of 64 bytes failed: Only part of a ReadProcessMemory or WriteProcessMemory request was completed. (0x12B)
[0301/190446.946:WARNING:pe_image_reader.cc(340)] could not read dos header from C:\Program Files (x86)\Microsoft\Edge\Application\80.0.361.62\msedge.dll
[0301/190446.946:ERROR:process_memory_win.cc(73)] ReadMemory at 0x7ff90ef30000 of 64 bytes failed: Only part of a ReadProcessMemory or WriteProcessMemory request was completed. (0x12B)
[0301/190446.946:WARNING:pe_image_reader.cc(340)] could not read dos header from C:\Windows\System32\WS2_32.dll
[0301/190446.946:ERROR:process_memory_win.cc(73)] ReadMemory at 0x7ff90e380000 of 64 bytes failed: Only part of a ReadProcessMemory or WriteProcessMemory request was completed. (0x12B)
[0301/190446.946:WARNING:pe_image_reader.cc(340)] could not read dos header from C:\Windows\System32\OLEAUT32.dll
[0301/190446.946:ERROR:process_memory_win.cc(73)] ReadMemory at 0x7ff90c150000 of 64 bytes failed: Only part of a ReadProcessMemory or WriteProcessMemory request was completed. (0x12B)
[0301/190446.946:WARNING:pe_image_reader.cc(340)] could not read dos header from C:\Windows\System32\msvcp_win.dll
[0301/190446.946:ERROR:process_memory_win.cc(73)] ReadMemory at 0x7ff90c050000 of 64 bytes failed: Only part of a ReadProcessMemory or WriteProcessMemory request was completed. (0x12B)
[0301/190446.946:WARNING:pe_image_reader.cc(340)] could not read dos header from C:\Windows\System32\ucrtbase.dll
[0301/190446.946:ERROR:process_memory_win.cc(73)] ReadMemory at 0x7ff90e8f0000 of 64 bytes failed: Only part of a ReadProcessMemory or WriteProcessMemory request was completed. (0x12B)
[0301/190446.947:WARNING:pe_image_reader.cc(340)] could not read dos header from C:\Windows\System32\combase.dll
[0301/190446.947:ERROR:process_memory_win.cc(73)] ReadMemory at 0x7ff90c4f0000 of 64 bytes failed: Only part of a ReadProcessMemory or WriteProcessMemory request was completed. (0x12B)
[0301/190446.947:WARNING:pe_image_reader.cc(340)] could not read dos header from C:\Windows\System32\WINTRUST.dll
[0301/190446.947:ERROR:process_memory_win.cc(73)] ReadMemory at 0x7ff90bfd0000 of 64 bytes failed: Only part of a ReadProcessMemory or WriteProcessMemory request was completed. (0x12B)
[0301/190446.947:WARNING:pe_image_reader.cc(340)] could not read dos header from C:\Windows\System32\MSASN1.dll
[0301/190446.947:ERROR:process_memory_win.cc(73)] ReadMemory at 0x7ff90c5d0000 of 64 bytes failed: Only part of a ReadProcessMemory or WriteProcessMemory request was completed. (0x12B)
[0301/190446.947:WARNING:pe_image_reader.cc(340)] could not read dos header from C:\Windows\System32\CRYPT32.dll
[0301/190446.947:ERROR:process_memory_win.cc(73)] ReadMemory at 0x7ff90b4f0000 of 64 bytes failed: Only part of a ReadProcessMemory or WriteProcessMemory request was completed. (0x12B)
[0301/190446.947:WARNING:pe_image_reader.cc(340)] could not read dos header from C:\Windows\SYSTEM32\IPHLPAPI.DLL
[0301/190446.947:ERROR:process_memory_win.cc(73)] ReadMemory at 0x7ff909750000 of 64 bytes failed: Only part of a ReadProcessMemory or WriteProcessMemory request was completed. (0x12B)
[0301/190446.947:WARNING:pe_image_reader.cc(340)] could not read dos header from C:\Windows\SYSTEM32\WINMM.dll
[0301/190446.947:ERROR:process_memory_win.cc(73)] ReadMemory at 0x7ff8f2fb0000 of 64 bytes failed: Only part of a ReadProcessMemory or WriteProcessMemory request was completed. (0x12B)
[0301/190446.947:WARNING:pe_image_reader.cc(340)] could not read dos header from C:\Windows\SYSTEM32\Secur32.dll
[0301/190446.947:ERROR:process_memory_win.cc(73)] ReadMemory at 0x7ff90be90000 of 64 bytes failed: Only part of a ReadProcessMemory or WriteProcessMemory request was completed. (0x12B)
[0301/190446.947:WARNING:pe_image_reader.cc(340)] could not read dos header from C:\Windows\SYSTEM32\USERENV.dll
[0301/190446.947:ERROR:process_memory_win.cc(73)] ReadMemory at 0x7ff90bff0000 of 64 bytes failed: Only part of a ReadProcessMemory or WriteProcessMemory request was completed. (0x12B)
[0301/190446.947:WARNING:pe_image_reader.cc(340)] could not read dos header from C:\Windows\System32\profapi.dll
[0301/190446.947:ERROR:process_memory_win.cc(73)] ReadMemory at 0x7ff8e2410000 of 64 bytes failed: Only part of a ReadProcessMemory or WriteProcessMemory request was completed. (0x12B)
[0301/190446.947:WARNING:pe_image_reader.cc(340)] could not read dos header from C:\Windows\SYSTEM32\UIAutomationCore.DLL
[0301/190446.947:ERROR:process_memory_win.cc(73)] ReadMemory at 0x7ff8fbba0000 of 64 bytes failed: Only part of a ReadProcessMemory or WriteProcessMemory request was completed. (0x12B)
[0301/190446.947:WARNING:pe_image_reader.cc(340)] could not read dos header from C:\Windows\SYSTEM32\WINHTTP.dll
[0301/190446.948:ERROR:process_memory_win.cc(73)] ReadMemory at 0x7ff8fc990000 of 64 bytes failed: Only part of a ReadProcessMemory or WriteProcessMemory request was completed. (0x12B)
[0301/190446.948:WARNING:pe_image_reader.cc(340)] could not read dos header from C:\Windows\SYSTEM32\DWrite.dll
[0301/190446.948:ERROR:process_memory_win.cc(73)] ReadMemory at 0x7ff8e96f0000 of 64 bytes failed: Only part of a ReadProcessMemory or WriteProcessMemory request was completed. (0x12B)
[0301/190446.948:WARNING:pe_image_reader.cc(340)] could not read dos header from C:\Windows\SYSTEM32\WINSPOOL.DRV
[0301/190446.948:ERROR:process_memory_win.cc(73)] ReadMemory at 0x7ff90c010000 of 64 bytes failed: Only part of a ReadProcessMemory or WriteProcessMemory request was completed. (0x12B)
[0301/190446.948:WARNING:pe_image_reader.cc(340)] could not read dos header from C:\Windows\System32\kernel.appcore.dll
[0301/190446.948:ERROR:process_memory_win.cc(73)] ReadMemory at 0x7ff90c1f0000 of 64 bytes failed: Only part of a ReadProcessMemory or WriteProcessMemory request was completed. (0x12B)
[0301/190446.948:WARNING:pe_image_reader.cc(340)] could not read dos header from C:\Windows\System32\bcrypt.dll
[0301/190446.948:ERROR:process_memory_win.cc(73)] ReadMemory at 0x7ff90a960000 of 64 bytes failed: Only part of a ReadProcessMemory or WriteProcessMemory request was completed. (0x12B)
[0301/190446.948:WARNING:pe_image_reader.cc(340)] could not read dos header from C:\Windows\SYSTEM32\dbghelp.dll
[0301/190446.948:ERROR:process_memory_win.cc(73)] ReadMemory at 0x7ff901810000 of 64 bytes failed: Only part of a ReadProcessMemory or WriteProcessMemory request was completed. (0x12B)
[0301/190446.948:WARNING:pe_image_reader.cc(340)] could not read dos header from C:\Windows\SYSTEM32\dhcpcsvc.DLL
[0301/190446.948:ERROR:process_memory_win.cc(73)] ReadMemory at 0x7ff90d200000 of 64 bytes failed: Only part of a ReadProcessMemory or WriteProcessMemory request was completed. (0x12B)
[0301/190446.948:WARNING:pe_image_reader.cc(340)] could not read dos header from C:\Windows\System32\NSI.dll
[0301/190446.948:ERROR:process_memory_win.cc(73)] ReadMemory at 0x7ff909720000 of 64 bytes failed: Only part of a ReadProcessMemory or WriteProcessMemory request was completed. (0x12B)
[0301/190446.948:WARNING:pe_image_reader.cc(340)] could not read dos header from C:\Windows\SYSTEM32\WINMMBASE.dll
[0301/190446.948:ERROR:process_memory_win.cc(73)] ReadMemory at 0x7ff90c300000 of 64 bytes failed: Only part of a ReadProcessMemory or WriteProcessMemory request was completed. (0x12B)
[0301/190446.948:WARNING:pe_image_reader.cc(340)] could not read dos header from C:\Windows\System32\cfgmgr32.dll
[0301/190446.948:ERROR:process_memory_win.cc(73)] ReadMemory at 0x7ff9085f0000 of 64 bytes failed: Only part of a ReadProcessMemory or WriteProcessMemory request was completed. (0x12B)
[0301/190446.948:WARNING:pe_image_reader.cc(340)] could not read dos header from C:\Windows\SYSTEM32\PROPSYS.dll
[0301/190446.948:ERROR:process_memory_win.cc(73)] ReadMemory at 0x7ff90ed80000 of 64 bytes failed: Only part of a ReadProcessMemory or WriteProcessMemory request was completed. (0x12B)
[0301/190446.948:WARNING:pe_image_reader.cc(340)] could not read dos header from C:\Windows\System32\shcore.dll
[0301/190446.949:ERROR:process_memory_win.cc(73)] ReadMemory at 0x7ff90be60000 of 64 bytes failed: Only part of a ReadProcessMemory or WriteProcessMemory request was completed. (0x12B)
[0301/190446.949:WARNING:pe_image_reader.cc(340)] could not read dos header from C:\Windows\SYSTEM32\SSPICLI.DLL
[0301/190446.949:ERROR:process_memory_win.cc(73)] ReadMemory at 0x7ff90b9b0000 of 64 bytes failed: Only part of a ReadProcessMemory or WriteProcessMemory request was completed. (0x12B)
[0301/190446.949:WARNING:pe_image_reader.cc(340)] could not read dos header from C:\Windows\SYSTEM32\CRYPTBASE.DLL
[0301/190447.186:ERROR:process_memory_win.cc(73)] ReadMemory at 0xaccb1f2000 of 57344 bytes failed: Only part of a ReadProcessMemory or WriteProcessMemory request was completed. (0x12B)
[0301/190447.186:ERROR:process_memory_win.cc(73)] ReadMemory at 0xaccb9ff000 of 4096 bytes failed: Only part of a ReadProcessMemory or WriteProcessMemory request was completed. (0x12B)
[0301/190447.186:ERROR:process_memory_win.cc(73)] ReadMemory at 0xaccc1fd000 of 12288 bytes failed: Only part of a ReadProcessMemory or WriteProcessMemory request was completed. (0x12B)
[0301/190447.186:ERROR:process_memory_win.cc(73)] ReadMemory at 0xaccd1fc000 of 16384 bytes failed: Only part of a ReadProcessMemory or WriteProcessMemory request was completed. (0x12B)
[0301/190447.186:ERROR:process_memory_win.cc(73)] ReadMemory at 0xaccd9fc000 of 16384 bytes failed: Only part of a ReadProcessMemory or WriteProcessMemory request was completed. (0x12B)
[0301/190447.186:ERROR:process_memory_win.cc(73)] ReadMemory at 0xacce1fd000 of 12288 bytes failed: Only part of a ReadProcessMemory or WriteProcessMemory request was completed. (0x12B)
[0301/190447.187:ERROR:process_memory_win.cc(73)] ReadMemory at 0xacce9fb000 of 20480 bytes failed: Only part of a ReadProcessMemory or WriteProcessMemory request was completed. (0x12B)
[0301/190447.187:ERROR:process_memory_win.cc(73)] ReadMemory at 0xaccf9fd000 of 12288 bytes failed: Only part of a ReadProcessMemory or WriteProcessMemory request was completed. (0x12B)
[0301/190447.187:ERROR:process_memory_win.cc(73)] ReadMemory at 0xacd01fc000 of 16384 bytes failed: Only part of a ReadProcessMemory or WriteProcessMemory request was completed. (0x12B)
[0301/190447.187:ERROR:process_memory_win.cc(73)] ReadMemory at 0xacd09f7000 of 36864 bytes failed: Only part of a ReadProcessMemory or WriteProcessMemory request was completed. (0x12B)
[0301/190447.187:ERROR:process_memory_win.cc(73)] ReadMemory at 0xacd11fb000 of 20480 bytes failed: Only part of a ReadProcessMemory or WriteProcessMemory request was completed. (0x12B)
[0301/190447.187:ERROR:process_memory_win.cc(73)] ReadMemory at 0xacd19fb000 of 20480 bytes failed: Only part of a ReadProcessMemory or WriteProcessMemory request was completed. (0x12B)
[0301/190447.187:ERROR:process_memory_win.cc(73)] ReadMemory at 0xacd21fd000 of 12288 bytes failed: Only part of a ReadProcessMemory or WriteProcessMemory request was completed. (0x12B)
[0301/190447.187:ERROR:process_memory_win.cc(73)] ReadMemory at 0xacd29fd000 of 12288 bytes failed: Only part of a ReadProcessMemory or WriteProcessMemory request was completed. (0x12B)
[0301/190447.187:ERROR:process_memory_win.cc(73)] ReadMemory at 0xacd39f6000 of 40960 bytes failed: Only part of a ReadProcessMemory or WriteProcessMemory request was completed. (0x12B)
[0301/190447.187:ERROR:process_memory_win.cc(73)] ReadMemory at 0xaccc9fd000 of 12288 bytes failed: Only part of a ReadProcessMemory or WriteProcessMemory request was completed. (0x12B)
[0301/190447.187:ERROR:process_memory_win.cc(73)] ReadMemory at 0xacd51fc000 of 16384 bytes failed: Only part of a ReadProcessMemory or WriteProcessMemory request was completed. (0x12B)
[0301/190447.188:ERROR:process_memory_win.cc(73)] ReadMemory at 0xaccf1f6000 of 40960 bytes failed: Only part of a ReadProcessMemory or WriteProcessMemory request was completed. (0x12B)
[0301/190447.188:ERROR:process_memory_win.cc(73)] ReadMemory at 0xacd31fc000 of 16384 bytes failed: Only part of a ReadProcessMemory or WriteProcessMemory request was completed. (0x12B)
[0301/190447.188:ERROR:process_memory_win.cc(73)] ReadMemory at 0xacd49fc000 of 16384 bytes failed: Only part of a ReadProcessMemory or WriteProcessMemory request was completed. (0x12B)
[0301/190447.188:ERROR:process_memory_win.cc(73)] ReadMemory at 0xacd41fd000 of 12288 bytes failed: Only part of a ReadProcessMemory or WriteProcessMemory request was completed. (0x12B)
[0301/190447.188:ERROR:process_memory_win.cc(73)] ReadMemory at 0xacd59fc000 of 16384 bytes failed: Only part of a ReadProcessMemory or WriteProcessMemory request was completed. (0x12B)
[0301/190447.188:ERROR:process_memory_win.cc(73)] ReadMemory at 0xacd61fe000 of 8192 bytes failed: Only part of a ReadProcessMemory or WriteProcessMemory request was completed. (0x12B)
[0301/190447.196:ERROR:process_memory_win.cc(73)] ReadMemory at 0xacca92e000 of 852 bytes failed: Only part of a ReadProcessMemory or WriteProcessMemory request was completed. (0x12B)
[0301/190447.197:ERROR:process_memory_win.cc(73)] ReadMemory at 0xacca92f000 of 6024 bytes failed: Only part of a ReadProcessMemory or WriteProcessMemory request was completed. (0x12B)
[0301/190447.198:ERROR:process_memory_win.cc(73)] ReadMemory at 0xacca931000 of 6024 bytes failed: Only part of a ReadProcessMemory or WriteProcessMemory request was completed. (0x12B)
[0301/190447.198:ERROR:process_memory_win.cc(73)] ReadMemory at 0xacca933000 of 6024 bytes failed: Only part of a ReadProcessMemory or WriteProcessMemory request was completed. (0x12B)
[0301/190447.199:ERROR:process_memory_win.cc(73)] ReadMemory at 0xacca937000 of 6024 bytes failed: Only part of a ReadProcessMemory or WriteProcessMemory request was completed. (0x12B)
[0301/190447.199:ERROR:process_memory_win.cc(73)] ReadMemory at 0xacca939000 of 6024 bytes failed: Only part of a ReadProcessMemory or WriteProcessMemory request was completed. (0x12B)
[0301/190447.199:ERROR:process_memory_win.cc(73)] ReadMemory at 0xacca93b000 of 6024 bytes failed: Only part of a ReadProcessMemory or WriteProcessMemory request was completed. (0x12B)
[0301/190447.199:ERROR:process_memory_win.cc(73)] ReadMemory at 0xacca93d000 of 6024 bytes failed: Only part of a ReadProcessMemory or WriteProcessMemory request was completed. (0x12B)
[0301/190447.199:ERROR:process_memory_win.cc(73)] ReadMemory at 0xacca941000 of 6024 bytes failed: Only part of a ReadProcessMemory or WriteProcessMemory request was completed. (0x12B)
[0301/190447.199:ERROR:process_memory_win.cc(73)] ReadMemory at 0xacca943000 of 6024 bytes failed: Only part of a ReadProcessMemory or WriteProcessMemory request was completed. (0x12B)
[0301/190447.199:ERROR:process_memory_win.cc(73)] ReadMemory at 0xacca945000 of 6024 bytes failed: Only part of a ReadProcessMemory or WriteProcessMemory request was completed. (0x12B)
[0301/190447.199:ERROR:process_memory_win.cc(73)] ReadMemory at 0xacca947000 of 6024 bytes failed: Only part of a ReadProcessMemory or WriteProcessMemory request was completed. (0x12B)
[0301/190447.199:ERROR:process_memory_win.cc(73)] ReadMemory at 0xacca949000 of 6024 bytes failed: Only part of a ReadProcessMemory or WriteProcessMemory request was completed. (0x12B)
[0301/190447.200:ERROR:process_memory_win.cc(73)] ReadMemory at 0xacca94b000 of 6024 bytes failed: Only part of a ReadProcessMemory or WriteProcessMemory request was completed. (0x12B)
[0301/190447.200:ERROR:process_memory_win.cc(73)] ReadMemory at 0xacca94d000 of 6024 bytes failed: Only part of a ReadProcessMemory or WriteProcessMemory request was completed. (0x12B)
[0301/190447.200:ERROR:process_memory_win.cc(73)] ReadMemory at 0xacca951000 of 6024 bytes failed: Only part of a ReadProcessMemory or WriteProcessMemory request was completed. (0x12B)
[0301/190447.200:ERROR:process_memory_win.cc(73)] ReadMemory at 0xacca95b000 of 6024 bytes failed: Only part of a ReadProcessMemory or WriteProcessMemory request was completed. (0x12B)
[0301/190447.200:ERROR:process_memory_win.cc(73)] ReadMemory at 0xacca965000 of 6024 bytes failed: Only part of a ReadProcessMemory or WriteProcessMemory request was completed. (0x12B)
[0301/190447.200:ERROR:process_memory_win.cc(73)] ReadMemory at 0xacca969000 of 6024 bytes failed: Only part of a ReadProcessMemory or WriteProcessMemory request was completed. (0x12B)
[0301/190447.200:ERROR:process_memory_win.cc(73)] ReadMemory at 0xacca96b000 of 6024 bytes failed: Only part of a ReadProcessMemory or WriteProcessMemory request was completed. (0x12B)
[0301/190447.201:ERROR:process_memory_win.cc(73)] ReadMemory at 0xacca96d000 of 6024 bytes failed: Only part of a ReadProcessMemory or WriteProcessMemory request was completed. (0x12B)
[0301/190447.201:ERROR:process_memory_win.cc(73)] ReadMemory at 0xacca96f000 of 6024 bytes failed: Only part of a ReadProcessMemory or WriteProcessMemory request was completed. (0x12B)
[0301/190447.201:ERROR:process_memory_win.cc(73)] ReadMemory at 0xacca971000 of 6024 bytes failed: Only part of a ReadProcessMemory or WriteProcessMemory request was completed. (0x12B)
[0301/190447.201:ERROR:process_memory_win.cc(73)] ReadMemory at 0xacca973000 of 6024 bytes failed: Only part of a ReadProcessMemory or WriteProcessMemory request was completed. (0x12B)
[0301/190447.202:ERROR:process_memory_win.cc(73)] ReadMemory at 0x2a05a8e02c0 of 40 bytes failed: Only part of a ReadProcessMemory or WriteProcessMemory request was completed. (0x12B)
[0301/190447.202:ERROR:process_memory_win.cc(73)] ReadMemory at 0x2a05a8f02c0 of 40 bytes failed: Only part of a ReadProcessMemory or WriteProcessMemory request was completed. (0x12B)
[0301/190447.203:ERROR:process_memory_win.cc(73)] ReadMemory at 0x2a05aa902c0 of 40 bytes failed: Only part of a ReadProcessMemory or WriteProcessMemory request was completed. (0x12B)
[0301/190447.203:ERROR:process_memory_win.cc(73)] ReadMemory at 0x2a05ab502c0 of 40 bytes failed: Only part of a ReadProcessMemory or WriteProcessMemory request was completed. (0x12B)
[0301/190447.204:ERROR:process_memory_win.cc(73)] ReadMemory at 0x2a05ab50750 of 80 bytes failed: Only part of a ReadProcessMemory or WriteProcessMemory request was completed. (0x12B)
[0301/190447.204:ERROR:process_memory_win.cc(73)] ReadMemory at 0x2a05ab50fe0 of 19274 bytes failed: Only part of a ReadProcessMemory or WriteProcessMemory request was completed. (0x12B)
[0301/190447.207:ERROR:process_memory_win.cc(73)] ReadMemory at 0x2a05ab55b40 of 1012 bytes failed: Only part of a ReadProcessMemory or WriteProcessMemory request was completed. (0x12B)
[0301/190447.207:ERROR:process_memory_win.cc(73)] ReadMemory at 0x2a05ab56188 of 120 bytes failed: Only part of a ReadProcessMemory or WriteProcessMemory request was completed. (0x12B)
[0301/190447.208:ERROR:process_memory_win.cc(73)] ReadMemory at 0x2a05ab56202 of 886 bytes failed: Only part of a ReadProcessMemory or WriteProcessMemory request was completed. (0x12B)
[0301/190447.208:ERROR:process_memory_win.cc(73)] ReadMemory at 0x2a05ab5657a of 120 bytes failed: Only part of a ReadProcessMemory or WriteProcessMemory request was completed. (0x12B)
[0301/190447.210:ERROR:process_memory_win.cc(73)] ReadMemory at 0x2a05ab565f4 of 96 bytes failed: Only part of a ReadProcessMemory or WriteProcessMemory request was completed. (0x12B)
[0301/190447.213:ERROR:process_memory_win.cc(73)] ReadMemory at 0x2a05ab56660 of 58 bytes failed: Only part of a ReadProcessMemory or WriteProcessMemory request was completed. (0x12B)
[0301/190447.213:ERROR:process_memory_win.cc(73)] ReadMemory at 0x2a05ab56760 of 132 bytes failed: Only part of a ReadProcessMemory or WriteProcessMemory request was completed. (0x12B)
[0301/190447.214:ERROR:process_memory_win.cc(73)] ReadMemory at 0x2a05ab568f0 of 132 bytes failed: Only part of a ReadProcessMemory or WriteProcessMemory request was completed. (0x12B)
[0301/190447.214:ERROR:process_memory_win.cc(73)] ReadMemory at 0x2a05ab56a00 of 512 bytes failed: Only part of a ReadProcessMemory or WriteProcessMemory request was completed. (0x12B)
[0301/190447.214:ERROR:process_memory_win.cc(73)] ReadMemory at 0x2a05ab56e90 of 132 bytes failed: Only part of a ReadProcessMemory or WriteProcessMemory request was completed. (0x12B)
[0301/190447.216:ERROR:process_memory_win.cc(73)] ReadMemory at 0x2a05ab57030 of 64 bytes failed: Only part of a ReadProcessMemory or WriteProcessMemory request was completed. (0x12B)
[0301/190447.217:ERROR:process_memory_win.cc(73)] ReadMemory at 0x2a05ab571f0 of 132 bytes failed: Only part of a ReadProcessMemory or WriteProcessMemory request was completed. (0x12B)
[0301/190447.217:ERROR:process_memory_win.cc(73)] ReadMemory at 0x2a05ab57490 of 132 bytes failed: Only part of a ReadProcessMemory or WriteProcessMemory request was completed. (0x12B)
[0301/190447.218:ERROR:process_memory_win.cc(73)] ReadMemory at 0x2a05ab57620 of 68 bytes failed: Only part of a ReadProcessMemory or WriteProcessMemory request was completed. (0x12B)
[0301/190447.218:ERROR:process_memory_win.cc(73)] ReadMemory at 0x2a05ab58730 of 132 bytes failed: Only part of a ReadProcessMemory or WriteProcessMemory request was completed. (0x12B)
[0301/190447.219:ERROR:process_memory_win.cc(73)] ReadMemory at 0x2a05ab588c0 of 152 bytes failed: Only part of a ReadProcessMemory or WriteProcessMemory request was completed. (0x12B)
[0301/190447.220:ERROR:process_memory_win.cc(73)] ReadMemory at 0x2a05ab596e0 of 62 bytes failed: Only part of a ReadProcessMemory or WriteProcessMemory request was completed. (0x12B)
[0301/190447.220:ERROR:process_memory_win.cc(73)] ReadMemory at 0x2a05ab59760 of 144 bytes failed: Only part of a ReadProcessMemory or WriteProcessMemory request was completed. (0x12B)
[0301/190447.220:ERROR:process_memory_win.cc(73)] ReadMemory at 0x2a05ab59840 of 132 bytes failed: Only part of a ReadProcessMemory or WriteProcessMemory request was completed. (0x12B)
[0301/190447.220:ERROR:process_memory_win.cc(73)] ReadMemory at 0x2a05ab599d0 of 60 bytes failed: Only part of a ReadProcessMemory or WriteProcessMemory request was completed. (0x12B)
[0301/190447.221:ERROR:process_memory_win.cc(73)] ReadMemory at 0x2a05ab59a20 of 48 bytes failed: Only part of a ReadProcessMemory or WriteProcessMemory request was completed. (0x12B)
[0301/190447.221:ERROR:process_memory_win.cc(73)] ReadMemory at 0x2a05ab5a0b0 of 132 bytes failed: Only part of a ReadProcessMemory or WriteProcessMemory request was completed. (0x12B)
[0301/190447.221:ERROR:process_memory_win.cc(73)] ReadMemory at 0x2a05ab5bb30 of 132 bytes failed: Only part of a ReadProcessMemory or WriteProcessMemory request was completed. (0x12B)
[0301/190447.222:ERROR:process_memory_win.cc(73)] ReadMemory at 0x2a05ab5e360 of 132 bytes failed: Only part of a ReadProcessMemory or WriteProcessMemory request was completed. (0x12B)
[0301/190447.222:ERROR:process_memory_win.cc(73)] ReadMemory at 0x2a05ab5e490 of 132 bytes failed: Only part of a ReadProcessMemory or WriteProcessMemory request was completed. (0x12B)
[0301/190447.226:ERROR:process_memory_win.cc(73)] ReadMemory at 0x2a05ab5eb20 of 60 bytes failed: Only part of a ReadProcessMemory or WriteProcessMemory request was completed. (0x12B)
[0301/190447.227:ERROR:process_memory_win.cc(73)] ReadMemory at 0x2a05ab5eb70 of 64 bytes failed: Only part of a ReadProcessMemory or WriteProcessMemory request was completed. (0x12B)
[0301/190447.227:ERROR:process_memory_win.cc(73)] ReadMemory at 0x2a05ab5ebc0 of 66 bytes failed: Only part of a ReadProcessMemory or WriteProcessMemory request was completed. (0x12B)
[0301/190447.228:ERROR:process_memory_win.cc(73)] ReadMemory at 0x2a05ab5ec10 of 62 bytes failed: Only part of a ReadProcessMemory or WriteProcessMemory request was completed. (0x12B)
[0301/190447.228:ERROR:process_memory_win.cc(73)] ReadMemory at 0x2a05ab5ecb0 of 64 bytes failed: Only part of a ReadProcessMemory or WriteProcessMemory request was completed. (0x12B)
[0301/190447.228:ERROR:process_memory_win.cc(73)] ReadMemory at 0x2a05ab5ed00 of 64 bytes failed: Only part of a ReadProcessMemory or WriteProcessMemory request was completed. (0x12B)
[0301/190447.230:ERROR:process_memory_win.cc(73)] ReadMemory at 0x2a05ab5ed50 of 64 bytes failed: Only part of a ReadProcessMemory or WriteProcessMemory request was completed. (0x12B)
[0301/190447.230:ERROR:process_memory_win.cc(73)] ReadMemory at 0x2a05ab5edf0 of 62 bytes failed: Only part of a ReadProcessMemory or WriteProcessMemory request was completed. (0x12B)
[0301/190447.230:ERROR:process_memory_win.cc(73)] ReadMemory at 0x2a05ab5f160 of 60 bytes failed: Only part of a ReadProcessMemory or WriteProcessMemory request was completed. (0x12B)
[0301/190447.230:ERROR:process_memory_win.cc(73)] ReadMemory at 0x2a05ab5f240 of 132 bytes failed: Only part of a ReadProcessMemory or WriteProcessMemory request was completed. (0x12B)
[0301/190447.230:ERROR:process_memory_win.cc(73)] ReadMemory at 0x2a05ab5f370 of 132 bytes failed: Only part of a ReadProcessMemory or WriteProcessMemory request was completed. (0x12B)
[0301/190447.230:ERROR:process_memory_win.cc(73)] ReadMemory at 0x2a05ab5f4a0 of 132 bytes failed: Only part of a ReadProcessMemory or WriteProcessMemory request was completed. (0x12B)
[0301/190447.230:ERROR:process_memory_win.cc(73)] ReadMemory at 0x2a05ab5f5d0 of 132 bytes failed: Only part of a ReadProcessMemory or WriteProcessMemory request was completed. (0x12B)
[0301/190447.231:ERROR:process_memory_win.cc(73)] ReadMemory at 0x2a05ab5f700 of 132 bytes failed: Only part of a ReadProcessMemory or WriteProcessMemory request was completed. (0x12B)
[0301/190447.231:ERROR:process_memory_win.cc(73)] ReadMemory at 0x2a05ab5f830 of 132 bytes failed: Only part of a ReadProcessMemory or WriteProcessMemory request was completed. (0x12B)
[0301/190447.231:ERROR:process_memory_win.cc(73)] ReadMemory at 0x2a05ab5f960 of 132 bytes failed: Only part of a ReadProcessMemory or WriteProcessMemory request was completed. (0x12B)
[0301/190447.231:ERROR:process_memory_win.cc(73)] ReadMemory at 0x2a05ab5fa90 of 132 bytes failed: Only part of a ReadProcessMemory or WriteProcessMemory request was completed. (0x12B)
[0301/190447.231:ERROR:process_memory_win.cc(73)] ReadMemory at 0x2a05ab5fbc0 of 132 bytes failed: Only part of a ReadProcessMemory or WriteProcessMemory request was completed. (0x12B)
[0301/190447.231:ERROR:process_memory_win.cc(73)] ReadMemory at 0x2a05ab5fcf0 of 132 bytes failed: Only part of a ReadProcessMemory or WriteProcessMemory request was completed. (0x12B)
[0301/190447.231:ERROR:process_memory_win.cc(73)] ReadMemory at 0x2a05ab5ff50 of 132 bytes failed: Only part of a ReadProcessMemory or WriteProcessMemory request was completed. (0x12B)
[0301/190447.233:ERROR:process_memory_win.cc(73)] ReadMemory at 0x2a05ab60080 of 132 bytes failed: Only part of a ReadProcessMemory or WriteProcessMemory request was completed. (0x12B)
[0301/190447.233:ERROR:process_memory_win.cc(73)] ReadMemory at 0x2a05ab60990 of 512 bytes failed: Only part of a ReadProcessMemory or WriteProcessMemory request was completed. (0x12B)
[0301/190447.233:ERROR:process_memory_win.cc(73)] ReadMemory at 0x2a05ab62330 of 132 bytes failed: Only part of a ReadProcessMemory or WriteProcessMemory request was completed. (0x12B)
[0301/190447.234:ERROR:process_memory_win.cc(73)] ReadMemory at 0x2a05ab62550 of 132 bytes failed: Only part of a ReadProcessMemory or WriteProcessMemory request was completed. (0x12B)
[0301/190447.234:ERROR:process_memory_win.cc(73)] ReadMemory at 0x2a05ab63aa0 of 54 bytes failed: Only part of a ReadProcessMemory or WriteProcessMemory request was completed. (0x12B)
[0301/190447.234:ERROR:process_memory_win.cc(73)] ReadMemory at 0x2a05ab64710 of 132 bytes failed: Only part of a ReadProcessMemory or WriteProcessMemory request was completed. (0x12B)
[0301/190447.234:ERROR:process_memory_win.cc(73)] ReadMemory at 0x2a05ab64840 of 132 bytes failed: Only part of a ReadProcessMemory or WriteProcessMemory request was completed. (0x12B)
[0301/190447.235:ERROR:process_memory_win.cc(73)] ReadMemory at 0x2a05ab66140 of 132 bytes failed: Only part of a ReadProcessMemory or WriteProcessMemory request was completed. (0x12B)
[0301/190447.235:ERROR:process_memory_win.cc(73)] ReadMemory at 0x2a05ab66350 of 132 bytes failed: Only part of a ReadProcessMemory or WriteProcessMemory request was completed. (0x12B)
[0301/190447.235:ERROR:process_memory_win.cc(73)] ReadMemory at 0x2a05ab6a800 of 76 bytes failed: Only part of a ReadProcessMemory or WriteProcessMemory request was completed. (0x12B)
[0301/190447.235:ERROR:process_memory_win.cc(73)] ReadMemory at 0x2a05ab6af20 of 80 bytes failed: Only part of a ReadProcessMemory or WriteProcessMemory request was completed. (0x12B)
[0301/190447.235:ERROR:process_memory_win.cc(73)] ReadMemory at 0x2a05ab6b080 of 66 bytes failed: Only part of a ReadProcessMemory or WriteProcessMemory request was completed. (0x12B)
[0301/190447.236:ERROR:process_memory_win.cc(73)] ReadMemory at 0x2a05ab6b120 of 62 bytes failed: Only part of a ReadProcessMemory or WriteProcessMemory request was completed. (0x12B)
[0301/190447.236:ERROR:process_memory_win.cc(73)] ReadMemory at 0x2a05ab6b210 of 60 bytes failed: Only part of a ReadProcessMemory or WriteProcessMemory request was completed. (0x12B)
[0301/190447.237:ERROR:process_memory_win.cc(73)] ReadMemory at 0x2a05ab6b490 of 58 bytes failed: Only part of a ReadProcessMemory or WriteProcessMemory request was completed. (0x12B)
[0301/190447.237:ERROR:process_memory_win.cc(73)] ReadMemory at 0x2a05ab6b4e0 of 64 bytes failed: Only part of a ReadProcessMemory or WriteProcessMemory request was completed. (0x12B)
[0301/190447.237:ERROR:process_memory_win.cc(73)] ReadMemory at 0x2a05ab6b530 of 62 bytes failed: Only part of a ReadProcessMemory or WriteProcessMemory request was completed. (0x12B)
[0301/190447.237:ERROR:process_memory_win.cc(73)] ReadMemory at 0x2a05ab6b580 of 62 bytes failed: Only part of a ReadProcessMemory or WriteProcessMemory request was completed. (0x12B)
[0301/190447.240:ERROR:process_memory_win.cc(73)] ReadMemory at 0x2a05ab6b5d0 of 60 bytes failed: Only part of a ReadProcessMemory or WriteProcessMemory request was completed. (0x12B)
[0301/190447.241:ERROR:process_memory_win.cc(73)] ReadMemory at 0x2a05ab6b620 of 62 bytes failed: Only part of a ReadProcessMemory or WriteProcessMemory request was completed. (0x12B)
[0301/190447.241:ERROR:process_memory_win.cc(73)] ReadMemory at 0x2a05ab6b8f0 of 64 bytes failed: Only part of a ReadProcessMemory or WriteProcessMemory request was completed. (0x12B)
[0301/190447.241:ERROR:process_memory_win.cc(73)] ReadMemory at 0x2a05ab6b940 of 60 bytes failed: Only part of a ReadProcessMemory or WriteProcessMemory request was completed. (0x12B)
[0301/190447.241:ERROR:process_memory_win.cc(73)] ReadMemory at 0x2a05ab6b990 of 62 bytes failed: Only part of a ReadProcessMemory or WriteProcessMemory request was completed. (0x12B)
[0301/190447.241:ERROR:process_memory_win.cc(73)] ReadMemory at 0x2a05ab6b9e0 of 64 bytes failed: Only part of a ReadProcessMemory or WriteProcessMemory request was completed. (0x12B)
[0301/190447.242:ERROR:process_memory_win.cc(73)] ReadMemory at 0x2a05ab6ba30 of 64 bytes failed: Only part of a ReadProcessMemory or WriteProcessMemory request was completed. (0x12B)
[0301/190447.242:ERROR:process_memory_win.cc(73)] ReadMemory at 0x2a05ab6bb20 of 62 bytes failed: Only part of a ReadProcessMemory or WriteProcessMemory request was completed. (0x12B)
[0301/190447.242:ERROR:process_memory_win.cc(73)] ReadMemory at 0x2a05ab6bc10 of 62 bytes failed: Only part of a ReadProcessMemory or WriteProcessMemory request was completed. (0x12B)
[0301/190447.242:ERROR:process_memory_win.cc(73)] ReadMemory at 0x2a05ab6bda0 of 62 bytes failed: Only part of a ReadProcessMemory or WriteProcessMemory request was completed. (0x12B)
[0301/190447.242:ERROR:process_memory_win.cc(73)] ReadMemory at 0x2a05ab6be90 of 60 bytes failed: Only part of a ReadProcessMemory or WriteProcessMemory request was completed. (0x12B)
[0301/190447.242:ERROR:process_memory_win.cc(73)] ReadMemory at 0x2a05ab6c040 of 132 bytes failed: Only part of a ReadProcessMemory or WriteProcessMemory request was completed. (0x12B)
[0301/190447.242:ERROR:process_memory_win.cc(73)] ReadMemory at 0x2a05ab6c170 of 132 bytes failed: Only part of a ReadProcessMemory or WriteProcessMemory request was completed. (0x12B)
[0301/190447.242:ERROR:process_memory_win.cc(73)] ReadMemory at 0x2a05ab6c2a0 of 132 bytes failed: Only part of a ReadProcessMemory or WriteProcessMemory request was completed. (0x12B)
[0301/190447.243:ERROR:process_memory_win.cc(73)] ReadMemory at 0x2a05ab6c3d0 of 132 bytes failed: Only part of a ReadProcessMemory or WriteProcessMemory request was completed. (0x12B)
[0301/190447.243:ERROR:process_memory_win.cc(73)] ReadMemory at 0x2a05ab6c500 of 132 bytes failed: Only part of a ReadProcessMemory or WriteProcessMemory request was completed. (0x12B)
[0301/190447.243:ERROR:process_memory_win.cc(73)] ReadMemory at 0x2a05ab6caf0 of 132 bytes failed: Only part of a ReadProcessMemory or WriteProcessMemory request was completed. (0x12B)
[0301/190447.243:ERROR:process_memory_win.cc(73)] ReadMemory at 0x2a05ab6d930 of 132 bytes failed: Only part of a ReadProcessMemory or WriteProcessMemory request was completed. (0x12B)
[0301/190447.243:ERROR:process_memory_win.cc(73)] ReadMemory at 0x2a05ab6da60 of 132 bytes failed: Only part of a ReadProcessMemory or WriteProcessMemory request was completed. (0x12B)
[0301/190447.243:ERROR:process_memory_win.cc(73)] ReadMemory at 0x2a05ab6db90 of 132 bytes failed: Only part of a ReadProcessMemory or WriteProcessMemory request was completed. (0x12B)
[0301/190447.243:ERROR:process_memory_win.cc(73)] ReadMemory at 0x2a05ab6ddf0 of 132 bytes failed: Only part of a ReadProcessMemory or WriteProcessMemory request was completed. (0x12B)
[0301/190447.243:ERROR:process_memory_win.cc(73)] ReadMemory at 0x2a05ab6f380 of 124 bytes failed: Only part of a ReadProcessMemory or WriteProcessMemory request was completed. (0x12B)
[0301/190447.244:ERROR:process_memory_win.cc(73)] ReadMemory at 0x2a05ab72060 of 48 bytes failed: Only part of a ReadProcessMemory or WriteProcessMemory request was completed. (0x12B)
[0301/190447.244:ERROR:process_memory_win.cc(73)] ReadMemory at 0x2a05ab72420 of 48 bytes failed: Only part of a ReadProcessMemory or WriteProcessMemory request was completed. (0x12B)
[0301/190447.244:ERROR:process_memory_win.cc(73)] ReadMemory at 0x2a05ab724a0 of 48 bytes failed: Only part of a ReadProcessMemory or WriteProcessMemory request was completed. (0x12B)
[0301/190447.244:ERROR:process_memory_win.cc(73)] ReadMemory at 0x2a05ab78cc0 of 40 bytes failed: Only part of a ReadProcessMemory or WriteProcessMemory request was completed. (0x12B)
[0301/190447.244:ERROR:process_memory_win.cc(73)] ReadMemory at 0x2a05ab86e80 of 40 bytes failed: Only part of a ReadProcessMemory or WriteProcessMemory request was completed. (0x12B)
[0301/190447.244:ERROR:process_memory_win.cc(73)] ReadMemory at 0x2a05ac902c0 of 40 bytes failed: Only part of a ReadProcessMemory or WriteProcessMemory request was completed. (0x12B)
[0301/190447.244:ERROR:process_memory_win.cc(73)] ReadMemory at 0x2a05ad21300 of 512 bytes failed: Only part of a ReadProcessMemory or WriteProcessMemory request was completed. (0x12B)
[0301/190447.244:ERROR:process_memory_win.cc(73)] ReadMemory at 0x2a05ad602c0 of 40 bytes failed: Only part of a ReadProcessMemory or WriteProcessMemory request was completed. (0x12B)
[0301/190447.244:ERROR:process_memory_win.cc(73)] ReadMemory at 0x2a05aef02c0 of 40 bytes failed: Only part of a ReadProcessMemory or WriteProcessMemory request was completed. (0x12B)
[0301/190447.245:ERROR:process_memory_win.cc(73)] ReadMemory at 0x2a05af302c0 of 40 bytes failed: Only part of a ReadProcessMemory or WriteProcessMemory request was completed. (0x12B)
[0301/190447.245:ERROR:process_memory_win.cc(73)] ReadMemory at 0x2a05af80aa0 of 512 bytes failed: Only part of a ReadProcessMemory or WriteProcessMemory request was completed. (0x12B)
[0301/190447.245:ERROR:process_memory_win.cc(73)] ReadMemory at 0x2a05af94180 of 512 bytes failed: Only part of a ReadProcessMemory or WriteProcessMemory request was completed. (0x12B)
[0301/190447.245:ERROR:process_memory_win.cc(73)] ReadMemory at 0x2a05afa8170 of 712 bytes failed: Only part of a ReadProcessMemory or WriteProcessMemory request was completed. (0x12B)
[0301/190447.246:ERROR:process_memory_win.cc(73)] ReadMemory at 0x2a05afab258 of 656 bytes failed: Only part of a ReadProcessMemory or WriteProcessMemory request was completed. (0x12B)
[0301/190447.246:ERROR:process_memory_win.cc(73)] ReadMemory at 0x2a05afabac8 of 512 bytes failed: Only part of a ReadProcessMemory or WriteProcessMemory request was completed. (0x12B)
[0301/190447.246:ERROR:process_memory_win.cc(73)] ReadMemory at 0x2a05afabe28 of 512 bytes failed: Only part of a ReadProcessMemory or WriteProcessMemory request was completed. (0x12B)
[0301/190447.250:ERROR:process_memory_win.cc(73)] ReadMemory at 0x2a05afac3c8 of 512 bytes failed: Only part of a ReadProcessMemory or WriteProcessMemory request was completed. (0x12B)
[0301/190447.250:ERROR:process_memory_win.cc(73)] ReadMemory at 0x2a05b013fb0 of 512 bytes failed: Only part of a ReadProcessMemory or WriteProcessMemory request was completed. (0x12B)
[0301/190447.250:ERROR:process_memory_win.cc(73)] ReadMemory at 0x2a05b03e4f0 of 512 bytes failed: Only part of a ReadProcessMemory or WriteProcessMemory request was completed. (0x12B)
[0301/190447.250:ERROR:process_memory_win.cc(73)] ReadMemory at 0x2a05b03e720 of 512 bytes failed: Only part of a ReadProcessMemory or WriteProcessMemory request was completed. (0x12B)
[0301/190447.250:ERROR:process_memory_win.cc(73)] ReadMemory at 0x2a05b03e928 of 520 bytes failed: Only part of a ReadProcessMemory or WriteProcessMemory request was completed. (0x12B)
[0301/190447.250:ERROR:process_memory_win.cc(73)] ReadMemory at 0x2a05d140000 of 384 bytes failed: Only part of a ReadProcessMemory or WriteProcessMemory request was completed. (0x12B)
[0301/190447.250:ERROR:process_memory_win.cc(73)] ReadMemory at 0x2a05d1748b0 of 512 bytes failed: Only part of a ReadProcessMemory or WriteProcessMemory request was completed. (0x12B)
[0301/190447.251:ERROR:process_memory_win.cc(73)] ReadMemory at 0x2a05da92fe0 of 512 bytes failed: Only part of a ReadProcessMemory or WriteProcessMemory request was completed. (0x12B)
[0301/190447.251:ERROR:process_memory_win.cc(73)] ReadMemory at 0x2a05db8dff0 of 512 bytes failed: Only part of a ReadProcessMemory or WriteProcessMemory request was completed. (0x12B)
[0301/190447.251:ERROR:process_memory_win.cc(73)] ReadMemory at 0x2a05dc68588 of 512 bytes failed: Only part of a ReadProcessMemory or WriteProcessMemory request was completed. (0x12B)
[0301/190447.251:ERROR:process_memory_win.cc(73)] ReadMemory at 0x2a05dc98530 of 512 bytes failed: Only part of a ReadProcessMemory or WriteProcessMemory request was completed. (0x12B)
[0301/190447.251:ERROR:process_memory_win.cc(73)] ReadMemory at 0x2a05dd92ac8 of 512 bytes failed: Only part of a ReadProcessMemory or WriteProcessMemory request was completed. (0x12B)
[0301/190447.251:ERROR:process_memory_win.cc(73)] ReadMemory at 0x2a05df9f5e0 of 512 bytes failed: Only part of a ReadProcessMemory or WriteProcessMemory request was completed. (0x12B)
[0301/190447.251:ERROR:process_memory_win.cc(73)] ReadMemory at 0x2a05e1a9260 of 512 bytes failed: Only part of a ReadProcessMemory or WriteProcessMemory request was completed. (0x12B)
[0301/190447.251:ERROR:process_memory_win.cc(73)] ReadMemory at 0x2a05e1b3790 of 512 bytes failed: Only part of a ReadProcessMemory or WriteProcessMemory request was completed. (0x12B)
[0301/190447.252:ERROR:process_memory_win.cc(73)] ReadMemory at 0x2a05e1b3c10 of 512 bytes failed: Only part of a ReadProcessMemory or WriteProcessMemory request was completed. (0x12B)
[0301/190447.252:ERROR:process_memory_win.cc(73)] ReadMemory at 0x2a05ef13bb8 of 512 bytes failed: Only part of a ReadProcessMemory or WriteProcessMemory request was completed. (0x12B)
[0301/190447.252:ERROR:process_memory_win.cc(73)] ReadMemory at 0x2a05efdbd18 of 512 bytes failed: Only part of a ReadProcessMemory or WriteProcessMemory request was completed. (0x12B)
[0301/190447.252:ERROR:process_memory_win.cc(73)] ReadMemory at 0x2a05fdb77c8 of 512 bytes failed: Only part of a ReadProcessMemory or WriteProcessMemory request was completed. (0x12B)
[0301/190447.252:ERROR:process_memory_win.cc(73)] ReadMemory at 0x728f080400e9 of 512 bytes failed: Only part of a ReadProcessMemory or WriteProcessMemory request was completed. (0x12B)
[0301/190447.252:ERROR:process_memory_win.cc(73)] ReadMemory at 0x728f081980c9 of 512 bytes failed: Only part of a ReadProcessMemory or WriteProcessMemory request was completed. (0x12B)
[0301/190447.253:ERROR:process_memory_win.cc(73)] ReadMemory at 0x728f08e000ac of 512 bytes failed: Only part of a ReadProcessMemory or WriteProcessMemory request was completed. (0x12B)
[0301/190447.253:ERROR:process_memory_win.cc(73)] ReadMemory at 0x728f1583ff80 of 512 bytes failed: Only part of a ReadProcessMemory or WriteProcessMemory request was completed. (0x12B)
[0301/190447.253:ERROR:process_memory_win.cc(73)] ReadMemory at 0x728f1584f7b1 of 512 bytes failed: Only part of a ReadProcessMemory or WriteProcessMemory request was completed. (0x12B)
[0301/190447.253:ERROR:process_memory_win.cc(73)] ReadMemory at 0x7ff8b3d710fb of 512 bytes failed: Only part of a ReadProcessMemory or WriteProcessMemory request was completed. (0x12B)
[0301/190447.253:ERROR:process_memory_win.cc(73)] ReadMemory at 0x7ff8b3dda880 of 512 bytes failed: Only part of a ReadProcessMemory or WriteProcessMemory request was completed. (0x12B)
[0301/190447.253:ERROR:process_memory_win.cc(73)] ReadMemory at 0x7ff8b4b0dfec of 512 bytes failed: Only part of a ReadProcessMemory or WriteProcessMemory request was completed. (0x12B)
[0301/190447.254:ERROR:process_memory_win.cc(73)] ReadMemory at 0x7ff8b8a86afc of 512 bytes failed: Only part of a ReadProcessMemory or WriteProcessMemory request was completed. (0x12B)
[0301/190447.254:ERROR:process_memory_win.cc(73)] ReadMemory at 0x7ff8b8d01060 of 512 bytes failed: Only part of a ReadProcessMemory or WriteProcessMemory request was completed. (0x12B)
[0301/190447.254:ERROR:process_memory_win.cc(73)] ReadMemory at 0x7ff8bfd03ca6 of 512 bytes failed: Only part of a ReadProcessMemory or WriteProcessMemory request was completed. (0x12B)
[0301/190447.254:ERROR:process_memory_win.cc(73)] ReadMemory at 0x7ff8bfda2288 of 712 bytes failed: Only part of a ReadProcessMemory or WriteProcessMemory request was completed. (0x12B)
[0301/190447.254:ERROR:process_memory_win.cc(73)] ReadMemory at 0x7ff8bfda6f40 of 40 bytes failed: Only part of a ReadProcessMemory or WriteProcessMemory request was completed. (0x12B)
[0301/190447.254:ERROR:process_memory_win.cc(73)] ReadMemory at 0x7ff90be88cb0 of 40 bytes failed: Only part of a ReadProcessMemory or WriteProcessMemory request was completed. (0x12B)
[0301/190447.255:ERROR:process_memory_win.cc(73)] ReadMemory at 0x7ff90f13c0c4 of 672 bytes failed: Only part of a ReadProcessMemory or WriteProcessMemory request was completed. (0x12B)
[0301/190447.255:ERROR:process_memory_win.cc(73)] ReadMemory at 0x7ff90f13f974 of 608 bytes failed: Only part of a ReadProcessMemory or WriteProcessMemory request was completed. (0x12B)
[0301/190447.255:ERROR:process_memory_win.cc(73)] ReadMemory at 0x7ff90f1cc428 of 18 bytes failed: Only part of a ReadProcessMemory or WriteProcessMemory request was completed. (0x12B)
[0301/190447.255:ERROR:process_memory_win.cc(73)] ReadMemory at 0x7ff90f1ff4f8 of 40 bytes failed: Only part of a ReadProcessMemory or WriteProcessMemory request was completed. (0x12B)
[0301/190447.255:ERROR:process_memory_win.cc(73)] ReadMemory at 0x7ff90f1ff560 of 48 bytes failed: Only part of a ReadProcessMemory or WriteProcessMemory request was completed. (0x12B)
[0301/190447.255:ERROR:process_memory_win.cc(73)] ReadMemory at 0x7ff90f1ff978 of 48 bytes failed: Only part of a ReadProcessMemory or WriteProcessMemory request was completed. (0x12B)
[0301/190447.258:ERROR:process_memory_win.cc(73)] ReadMemory at 0x7ff90f203be0 of 40 bytes failed: Only part of a ReadProcessMemory or WriteProcessMemory request was completed. (0x12B)
[0301/190447.258:ERROR:process_memory_win.cc(73)] ReadMemory at 0x7ff90f203d40 of 384 bytes failed: Only part of a ReadProcessMemory or WriteProcessMemory request was completed. (0x12B)
[0301/190447.259:ERROR:process_memory_win.cc(73)] ReadMemory at 0x7ff90f2053c0 of 64 bytes failed: Only part of a ReadProcessMemory or WriteProcessMemory request was completed. (0x12B)
[0301/190447.267:ERROR:scoped_process_suspend.cc(40)] NtResumeProcess: An attempt was made to access an exiting process. (0xc000010a)
